<?xml version="1.0" encoding="UTF-8"?>
<!-- Generated by org.testng.reporters.JUnitXMLReporter -->
<testsuite ignored="0" hostname="LAPTOP-5VBIP1LE" failures="0" tests="7" name="OpencartTest" time="53.793" errors="0" timestamp="2023-03-24T21:22:09 IST">
  <testcase classname="testCase.TC_001_AccountRegistrationTest" name="test_account_Registration" time="3.405"/>
  <testcase classname="testCase.TC_002_LoginTest" name="test_login" time="0.909"/>
  <testcase classname="testCase.TC_003_LoginTest_DDT" name="test_loginDDT" time="10.863"/>
  <testcase classname="testCase.TC_003_LoginTest_DDT" name="test_loginDDT" time="10.856"/>
  <testcase classname="testCase.TC_003_LoginTest_DDT" name="test_loginDDT" time="1.302"/>
  <testcase classname="testCase.TC_003_LoginTest_DDT" name="test_loginDDT" time="10.824"/>
  <testcase classname="testCase.TC_003_LoginTest_DDT" name="test_loginDDT" time="1.242"/>
</testsuite> <!-- OpencartTest -->
